-------------------------------------------------------------------------------
Test set: com.pensionManagementSystem.PensionManagementPortalServiceTest
-------------------------------------------------------------------------------
Tests run: 1, Failures: 0, Errors: 1, Skipped: 0, Time elapsed: 0.009 s <<< FAILURE! - in com.pensionManagementSystem.PensionManagementPortalServiceTest
resultTokenGenrationMethodTest  Time elapsed: 0.003 s  <<< ERROR!
java.lang.NoSuchMethodError: org.mockito.MockitoAnnotations.openMocks(Ljava/lang/Object;)Ljava/lang/AutoCloseable;

